
 [start] - Wed Feb 26 19:37:18 CET 2020 - started the server!
 [start] - Wed Feb 26 19:38:34 CET 2020 - started the server!
 [kill] - Wed Feb 26 20:10:27 CET 2020 - killing process forcefully!
 [start] - Wed Feb 26 20:10:27 CET 2020 - started the server!
 [kill] - Wed Feb 26 20:14:49 CET 2020 - killing process forcefully!
 [start] - Wed Feb 26 20:14:49 CET 2020 - started the server!
 [kill] - Wed Feb 26 20:19:24 CET 2020 - killing process forcefully!
 [start] - Wed Feb 26 20:19:24 CET 2020 - started the server!
 [kill] - Wed Feb 26 21:06:49 CET 2020 - killing process forcefully!
 [start] - Wed Feb 26 21:06:49 CET 2020 - started the server!
 [kill] - Wed Feb 26 21:08:37 CET 2020 - killing process forcefully!
 [start] - Wed Feb 26 21:08:38 CET 2020 - started the server!
 [kill] - Wed Feb 26 21:09:19 CET 2020 - killing process forcefully!
 [start] - Wed Feb 26 21:09:56 CET 2020 - started the server!
 [kill] - Wed Feb 26 21:12:58 CET 2020 - killing process forcefully!
 [start] - Wed Feb 26 21:13:58 CET 2020 - started the server!
 [kill] - Wed Feb 26 21:15:08 CET 2020 - killing process forcefully!
 [start] - Wed Feb 26 21:15:15 CET 2020 - started the server!
 [kill] - Wed Feb 26 21:17:55 CET 2020 - killing process forcefully!
 [start] - Wed Feb 26 21:17:58 CET 2020 - started the server!
 [kill] - Wed Feb 26 21:19:11 CET 2020 - killing process forcefully!
 [start] - Wed Feb 26 21:19:16 CET 2020 - started the server!
 [kill] - Wed Feb 26 22:50:02 CET 2020 - killing process forcefully!
 [start] - Wed Feb 26 23:06:43 CET 2020 - started the server!
 [kill] - Wed Feb 26 23:11:35 CET 2020 - killing process forcefully!
 [start] - Wed Feb 26 23:11:55 CET 2020 - started the server!
 [kill] - Thu Feb 27 00:09:49 CET 2020 - killing process forcefully!
 [start] - Thu Feb 27 00:38:44 CET 2020 - started the server!
 [start] - Thu Feb 27 00:39:32 CET 2020 - started the server!
 [kill] - Thu Feb 27 00:40:25 CET 2020 - killing process forcefully!
 [start] - Thu Feb 27 00:40:44 CET 2020 - started the server!
 [kill] - Thu Feb 27 00:41:37 CET 2020 - killing process forcefully!
 [start] - Thu Feb 27 00:41:44 CET 2020 - started the server!
 [kill] - Thu Feb 27 00:43:48 CET 2020 - killing process forcefully!
 [start] - Thu Feb 27 00:43:48 CET 2020 - started the server!
 [kill] - Thu Feb 27 01:01:53 CET 2020 - killing process forcefully!
 [start] - Thu Feb 27 01:01:54 CET 2020 - started the server!
 [start] - Thu Feb 27 18:04:49 CET 2020 - started the server!
 [kill] - Thu Feb 27 18:08:51 CET 2020 - killing process forcefully!
 [start] - Thu Feb 27 18:08:56 CET 2020 - started the server!
 [kill] - Thu Feb 27 18:09:40 CET 2020 - killing process forcefully!
 [start] - Thu Feb 27 18:09:45 CET 2020 - started the server!
 [kill] - Thu Feb 27 18:11:53 CET 2020 - killing process forcefully!
 [start] - Thu Feb 27 18:11:53 CET 2020 - started the server!
 [kill] - Thu Feb 27 23:39:45 CET 2020 - killing process forcefully!
 [start] - Thu Feb 27 23:39:45 CET 2020 - started the server!
 [kill] - Fri Feb 28 00:03:10 CET 2020 - killing process forcefully!
 [start] - Fri Feb 28 00:03:20 CET 2020 - started the server!
 [kill] - Fri Feb 28 00:04:26 CET 2020 - killing process forcefully!
 [start] - Fri Feb 28 00:04:45 CET 2020 - started the server!
 [kill] - Fri Feb 28 00:08:47 CET 2020 - killing process forcefully!
 [start] - Fri Feb 28 00:08:55 CET 2020 - started the server!
 [kill] - Fri Feb 28 00:12:49 CET 2020 - killing process forcefully!
 [start] - Fri Feb 28 00:12:49 CET 2020 - started the server!
 [kill] - Fri Feb 28 17:36:20 CET 2020 - killing process forcefully!
 [start] - Fri Feb 28 17:36:26 CET 2020 - started the server!
 [kill] - Fri Feb 28 21:14:01 CET 2020 - killing process forcefully!
 [start] - Fri Feb 28 21:14:01 CET 2020 - started the server!
 [kill] - Fri Feb 28 21:23:33 CET 2020 - killing process forcefully!
 [start] - Fri Feb 28 21:23:33 CET 2020 - started the server!
 [kill] - Fri Feb 28 21:46:40 CET 2020 - killing process forcefully!
 [start] - Fri Feb 28 21:46:41 CET 2020 - started the server!
 [kill] - Fri Feb 28 21:48:31 CET 2020 - killing process forcefully!
 [start] - Fri Feb 28 21:48:32 CET 2020 - started the server!
 [kill] - Fri Feb 28 21:51:45 CET 2020 - killing process forcefully!
 [start] - Fri Feb 28 21:51:45 CET 2020 - started the server!
 [kill] - Fri Feb 28 21:54:54 CET 2020 - killing process forcefully!
 [start] - Fri Feb 28 21:54:54 CET 2020 - started the server!
 [kill] - Fri Feb 28 22:05:41 CET 2020 - killing process forcefully!
 [start] - Fri Feb 28 22:05:41 CET 2020 - started the server!
 [kill] - Fri Feb 28 22:24:11 CET 2020 - killing process forcefully!
 [start] - Fri Feb 28 22:24:12 CET 2020 - started the server!
 [kill] - Fri Feb 28 22:28:17 CET 2020 - killing process forcefully!
 [start] - Fri Feb 28 22:28:17 CET 2020 - started the server!
 [kill] - Fri Feb 28 22:32:54 CET 2020 - killing process forcefully!
 [start] - Fri Feb 28 22:32:54 CET 2020 - started the server!
 [kill] - Sat Feb 29 20:09:40 CET 2020 - killing process forcefully!
 [start] - Sat Feb 29 20:09:40 CET 2020 - started the server!
 [kill] - Sat Feb 29 21:03:52 CET 2020 - killing process forcefully!
 [start] - Sat Feb 29 21:03:53 CET 2020 - started the server!
 [kill] - Sat Feb 29 21:05:01 CET 2020 - killing process forcefully!
 [start] - Sat Feb 29 21:05:01 CET 2020 - started the server!
 [kill] - Sat Feb 29 21:08:22 CET 2020 - killing process forcefully!
 [start] - Sat Feb 29 21:08:22 CET 2020 - started the server!
 [kill] - Sun Mar 01 17:29:39 CET 2020 - killing process forcefully!
 [start] - Sun Mar 01 17:29:39 CET 2020 - started the server!
 [kill] - Tue Mar 03 18:09:27 CET 2020 - killing process forcefully!
 [start] - Tue Mar 03 18:09:27 CET 2020 - started the server!
 [kill] - Tue Mar 03 18:14:26 CET 2020 - killing process forcefully!
 [start] - Wed Mar 11 17:43:02 CET 2020 - started the server!
 [kill] - Wed Mar 11 18:08:22 CET 2020 - killing process forcefully!
 [start] - Wed Mar 11 18:08:22 CET 2020 - started the server!
 [kill] - Wed Mar 11 18:11:02 CET 2020 - killing process forcefully!
 [start] - Wed Mar 11 18:11:02 CET 2020 - started the server!
 [kill] - Wed Mar 11 19:16:08 CET 2020 - killing process forcefully!
 [start] - Wed Mar 11 19:16:08 CET 2020 - started the server!
 [kill] - Wed Mar 11 19:23:48 CET 2020 - killing process forcefully!
 [start] - Wed Mar 11 19:23:55 CET 2020 - started the server!
 [kill] - Tue Mar 17 17:04:32 CET 2020 - killing process forcefully!
 [start] - Tue Mar 17 17:04:33 CET 2020 - started the server!
 [kill] - Tue Mar 17 17:08:27 CET 2020 - killing process forcefully!
 [start] - Tue Mar 17 17:08:27 CET 2020 - started the server!
 [kill] - Tue Mar 17 17:16:38 CET 2020 - killing process forcefully!
 [start] - Tue Mar 17 17:16:38 CET 2020 - started the server!
 [kill] - Tue Mar 17 17:28:41 CET 2020 - killing process forcefully!
 [start] - Tue Mar 17 17:28:41 CET 2020 - started the server!
 [kill] - Tue Mar 17 17:32:25 CET 2020 - killing process forcefully!
 [start] - Tue Mar 17 17:32:26 CET 2020 - started the server!
 [kill] - Tue Mar 17 17:33:47 CET 2020 - killing process forcefully!
 [start] - Tue Mar 17 17:33:47 CET 2020 - started the server!
 [kill] - Tue Mar 17 17:38:14 CET 2020 - killing process forcefully!
 [start] - Tue Mar 17 17:38:14 CET 2020 - started the server!
 [kill] - Tue Mar 17 17:41:38 CET 2020 - killing process forcefully!
 [start] - Tue Mar 17 17:41:39 CET 2020 - started the server!
 [kill] - Tue Mar 17 17:45:45 CET 2020 - killing process forcefully!
 [start] - Tue Mar 17 17:45:45 CET 2020 - started the server!
 [kill] - Tue Mar 17 18:03:40 CET 2020 - killing process forcefully!
 [start] - Tue Mar 17 18:03:40 CET 2020 - started the server!
 [kill] - Tue Mar 17 18:05:09 CET 2020 - killing process forcefully!
 [start] - Tue Mar 17 18:05:09 CET 2020 - started the server!
 [kill] - Tue Mar 17 18:10:00 CET 2020 - killing process forcefully!
 [start] - Tue Mar 17 18:10:00 CET 2020 - started the server!
 [kill] - Tue Mar 17 18:13:07 CET 2020 - killing process forcefully!
 [start] - Tue Mar 17 18:13:07 CET 2020 - started the server!
 [kill] - Tue Mar 17 18:15:17 CET 2020 - killing process forcefully!
 [start] - Tue Mar 17 18:15:18 CET 2020 - started the server!
 [kill] - Tue Mar 17 19:00:24 CET 2020 - killing process forcefully!
 [start] - Tue Mar 17 19:00:24 CET 2020 - started the server!
 [kill] - Tue Mar 17 21:06:10 CET 2020 - killing process forcefully!
 [start] - Tue Mar 17 21:06:12 CET 2020 - started the server!
 [kill] - Tue Mar 17 21:10:54 CET 2020 - killing process forcefully!
 [start] - Tue Mar 17 21:10:54 CET 2020 - started the server!
 [kill] - Tue Mar 17 21:36:55 CET 2020 - killing process forcefully!
 [start] - Tue Mar 17 21:36:56 CET 2020 - started the server!
 [start] - Tue Mar 17 22:12:38 CET 2020 - started the server!
 [kill] - Tue Mar 17 22:47:05 CET 2020 - killing process forcefully!
 [start] - Tue Mar 17 22:47:05 CET 2020 - started the server!
 [kill] - Thu Mar 19 22:43:31 CET 2020 - killing process forcefully!
 [start] - Thu Mar 19 22:43:32 CET 2020 - started the server!
 [kill] - Thu Mar 19 22:46:26 CET 2020 - killing process forcefully!
 [start] - Thu Mar 19 22:46:26 CET 2020 - started the server!
 [kill] - Thu Mar 19 22:52:01 CET 2020 - killing process forcefully!
 [start] - Thu Mar 19 22:52:08 CET 2020 - started the server!
 [kill] - Thu Mar 19 23:05:40 CET 2020 - killing process forcefully!
 [start] - Thu Mar 19 23:05:40 CET 2020 - started the server!
 [start] - Thu Mar 19 23:06:49 CET 2020 - started the server!
 [kill] - Thu Mar 19 23:12:32 CET 2020 - killing process forcefully!
 [start] - Thu Mar 19 23:12:32 CET 2020 - started the server!